<?xml version="1.0" encoding="UTF-8"?>
<testsuite name="com.parkinglot.ParkingLotTest" tests="1" skipped="0" failures="0" errors="0" timestamp="2019-10-03T08:54:12" hostname="SUNILs-MacBook-Pro.local" time="0.008">
  <properties/>
  <testcase name="givenParkingLot_whenPark_thenShouldbePark()" classname="com.parkinglot.ParkingLotTest" time="0.008"/>
  <system-out><![CDATA[]]></system-out>
  <system-err><![CDATA[]]></system-err>
</testsuite>
