<?xml version="1.0" encoding="UTF-8"?>
<testsuite name="com.parkinglot.ParkingLotTest" tests="3" skipped="0" failures="0" errors="0" timestamp="2019-10-03T10:41:14" hostname="SUNILs-MacBook-Pro.local" time="0.009">
  <properties/>
  <testcase name="givenParkingLot_whenIsAvailable_ThenShouldBeAvailable()" classname="com.parkinglot.ParkingLotTest" time="0.006"/>
  <testcase name="givenParkingLotWithSizeOne_whenCheckIsAvailable_ThenShouldNotBeAvailable()" classname="com.parkinglot.ParkingLotTest" time="0.001"/>
  <testcase name="givenParkingLotWithCapacityTwo_whenParkSameTwoObject_thenShouldNotBePark()" classname="com.parkinglot.ParkingLotTest" time="0.001"/>
  <system-out><![CDATA[]]></system-out>
  <system-err><![CDATA[]]></system-err>
</testsuite>
